<?xml version="1.0" encoding="UTF-8"?>
<testng-results ignored="0" total="124" passed="121" failed="3" skipped="0">
  <reporter-output>
  </reporter-output>
  <suite started-at="2023-05-08T16:53:06 IST" name="Regression_Testing" finished-at="2023-05-08T16:53:44 IST" duration-ms="38198">
    <groups>
    </groups>
    <test started-at="2023-05-08T16:53:06 IST" name="Get_API" finished-at="2023-05-08T16:53:13 IST" duration-ms="7264">
      <class name="Regression_Testing.GetAPI">
        <test-method signature="Announcements()[pri:0, instance:Regression_Testing.GetAPI@245b4bdc]" started-at="2023-05-08T16:53:06 IST" name="Announcements" finished-at="2023-05-08T16:53:06 IST" duration-ms="349" status="PASS">
          <reporter-output>
          </reporter-output>
        </test-method> <!-- Announcements -->
        <test-method signature="Dashboard_portfolio_Allocation_Asset_All()[pri:0, instance:Regression_Testing.GetAPI@245b4bdc]" started-at="2023-05-08T16:53:06 IST" name="Dashboard_portfolio_Allocation_Asset_All" finished-at="2023-05-08T16:53:06 IST" duration-ms="168" status="PASS">
          <reporter-output>
          </reporter-output>
        </test-method> <!-- Dashboard_portfolio_Allocation_Asset_All -->
        <test-method signature="Dashboard_portfolio_Allocation_category()[pri:0, instance:Regression_Testing.GetAPI@245b4bdc]" started-at="2023-05-08T16:53:06 IST" name="Dashboard_portfolio_Allocation_category" finished-at="2023-05-08T16:53:06 IST" duration-ms="172" status="PASS">
          <reporter-output>
          </reporter-output>
        </test-method> <!-- Dashboard_portfolio_Allocation_category -->
        <test-method signature="Dashboard_portfolio_Allocation_credit()[pri:0, instance:Regression_Testing.GetAPI@245b4bdc]" started-at="2023-05-08T16:53:06 IST" name="Dashboard_portfolio_Allocation_credit" finished-at="2023-05-08T16:53:07 IST" duration-ms="178" status="PASS">
          <reporter-output>
          </reporter-output>
        </test-method> <!-- Dashboard_portfolio_Allocation_credit -->
        <test-method signature="Dashboard_portfolio_Allocation_fi_style()[pri:0, instance:Regression_Testing.GetAPI@245b4bdc]" started-at="2023-05-08T16:53:07 IST" name="Dashboard_portfolio_Allocation_fi_style" finished-at="2023-05-08T16:53:07 IST" duration-ms="186" status="PASS">
          <reporter-output>
          </reporter-output>
        </test-method> <!-- Dashboard_portfolio_Allocation_fi_style -->
        <test-method signature="Feature()[pri:0, instance:Regression_Testing.GetAPI@245b4bdc]" started-at="2023-05-08T16:53:07 IST" name="Feature" finished-at="2023-05-08T16:53:07 IST" duration-ms="174" status="PASS">
          <reporter-output>
          </reporter-output>
        </test-method> <!-- Feature -->
        <test-method signature="Holding_Profile()[pri:0, instance:Regression_Testing.GetAPI@245b4bdc]" started-at="2023-05-08T16:53:07 IST" name="Holding_Profile" finished-at="2023-05-08T16:53:07 IST" duration-ms="229" status="PASS">
          <reporter-output>
          </reporter-output>
        </test-method> <!-- Holding_Profile -->
        <test-method signature="Investor_Goal()[pri:0, instance:Regression_Testing.GetAPI@245b4bdc]" started-at="2023-05-08T16:53:07 IST" name="Investor_Goal" finished-at="2023-05-08T16:53:07 IST" duration-ms="259" status="PASS">
          <reporter-output>
          </reporter-output>
        </test-method> <!-- Investor_Goal -->
        <test-method signature="Investor_Goals()[pri:0, instance:Regression_Testing.GetAPI@245b4bdc]" started-at="2023-05-08T16:53:07 IST" name="Investor_Goals" finished-at="2023-05-08T16:53:08 IST" duration-ms="186" status="PASS">
          <reporter-output>
          </reporter-output>
        </test-method> <!-- Investor_Goals -->
        <test-method signature="NFO_Search()[pri:0, instance:Regression_Testing.GetAPI@245b4bdc]" started-at="2023-05-08T16:53:08 IST" name="NFO_Search" finished-at="2023-05-08T16:53:08 IST" duration-ms="238" status="PASS">
          <reporter-output>
          </reporter-output>
        </test-method> <!-- NFO_Search -->
        <test-method signature="ProductSearch_MF_Form()[pri:0, instance:Regression_Testing.GetAPI@245b4bdc]" started-at="2023-05-08T16:53:08 IST" name="ProductSearch_MF_Form" finished-at="2023-05-08T16:53:08 IST" duration-ms="245" status="PASS">
          <reporter-output>
          </reporter-output>
        </test-method> <!-- ProductSearch_MF_Form -->
        <test-method signature="Select_Funds()[pri:0, instance:Regression_Testing.GetAPI@245b4bdc]" started-at="2023-05-08T16:53:08 IST" name="Select_Funds" finished-at="2023-05-08T16:53:08 IST" duration-ms="222" status="PASS">
          <reporter-output>
          </reporter-output>
        </test-method> <!-- Select_Funds -->
        <test-method signature="Super_Savings()[pri:0, instance:Regression_Testing.GetAPI@245b4bdc]" started-at="2023-05-08T16:53:08 IST" name="Super_Savings" finished-at="2023-05-08T16:53:09 IST" duration-ms="193" status="PASS">
          <reporter-output>
          </reporter-output>
        </test-method> <!-- Super_Savings -->
        <test-method signature="User_Profile()[pri:0, instance:Regression_Testing.GetAPI@245b4bdc]" started-at="2023-05-08T16:53:09 IST" name="User_Profile" finished-at="2023-05-08T16:53:09 IST" duration-ms="185" status="PASS">
          <reporter-output>
          </reporter-output>
        </test-method> <!-- User_Profile -->
        <test-method signature="lookup()[pri:0, instance:Regression_Testing.GetAPI@245b4bdc]" started-at="2023-05-08T16:53:09 IST" name="lookup" finished-at="2023-05-08T16:53:09 IST" duration-ms="164" status="PASS">
          <reporter-output>
          </reporter-output>
        </test-method> <!-- lookup -->
        <test-method signature="product_search_mf_form()[pri:0, instance:Regression_Testing.GetAPI@245b4bdc]" started-at="2023-05-08T16:53:09 IST" name="product_search_mf_form" finished-at="2023-05-08T16:53:09 IST" duration-ms="180" status="PASS">
          <reporter-output>
          </reporter-output>
        </test-method> <!-- product_search_mf_form -->
        <test-method signature="Contact_Info()[pri:1, instance:Regression_Testing.GetAPI@245b4bdc]" started-at="2023-05-08T16:53:09 IST" name="Contact_Info" finished-at="2023-05-08T16:53:09 IST" duration-ms="207" status="PASS">
          <reporter-output>
          </reporter-output>
        </test-method> <!-- Contact_Info -->
        <test-method signature="Current_SIPS()[pri:1, instance:Regression_Testing.GetAPI@245b4bdc]" started-at="2023-05-08T16:53:09 IST" name="Current_SIPS" finished-at="2023-05-08T16:53:10 IST" duration-ms="425" status="PASS">
          <reporter-output>
          </reporter-output>
        </test-method> <!-- Current_SIPS -->
        <test-method signature="Dashboard()[pri:1, instance:Regression_Testing.GetAPI@245b4bdc]" started-at="2023-05-08T16:53:10 IST" name="Dashboard" finished-at="2023-05-08T16:53:10 IST" duration-ms="164" status="PASS">
          <reporter-output>
          </reporter-output>
        </test-method> <!-- Dashboard -->
        <test-method signature="Dashboard_Portfolio()[pri:1, instance:Regression_Testing.GetAPI@245b4bdc]" started-at="2023-05-08T16:53:10 IST" name="Dashboard_Portfolio" finished-at="2023-05-08T16:53:10 IST" duration-ms="247" status="PASS">
          <reporter-output>
          </reporter-output>
        </test-method> <!-- Dashboard_Portfolio -->
        <test-method signature="Folio_Banklist()[pri:1, instance:Regression_Testing.GetAPI@245b4bdc]" started-at="2023-05-08T16:53:10 IST" name="Folio_Banklist" finished-at="2023-05-08T16:53:10 IST" duration-ms="170" status="PASS">
          <reporter-output>
          </reporter-output>
        </test-method> <!-- Folio_Banklist -->
        <test-method signature="Get_Equity_GetNominee()[pri:1, instance:Regression_Testing.GetAPI@245b4bdc]" started-at="2023-05-08T16:53:10 IST" name="Get_Equity_GetNominee" finished-at="2023-05-08T16:53:10 IST" duration-ms="199" status="PASS">
          <reporter-output>
          </reporter-output>
        </test-method> <!-- Get_Equity_GetNominee -->
        <test-method signature="Get_Existing_Nominee_MF()[pri:1, instance:Regression_Testing.GetAPI@245b4bdc]" started-at="2023-05-08T16:53:10 IST" name="Get_Existing_Nominee_MF" finished-at="2023-05-08T16:53:11 IST" duration-ms="167" status="PASS">
          <reporter-output>
          </reporter-output>
        </test-method> <!-- Get_Existing_Nominee_MF -->
        <test-method signature="Invested_Schemes()[pri:1, instance:Regression_Testing.GetAPI@245b4bdc]" started-at="2023-05-08T16:53:11 IST" name="Invested_Schemes" finished-at="2023-05-08T16:53:11 IST" duration-ms="193" status="PASS">
          <reporter-output>
          </reporter-output>
        </test-method> <!-- Invested_Schemes -->
        <test-method signature="Investor_Mandates()[pri:1, instance:Regression_Testing.GetAPI@245b4bdc]" started-at="2023-05-08T16:53:11 IST" name="Investor_Mandates" finished-at="2023-05-08T16:53:11 IST" duration-ms="179" status="PASS">
          <reporter-output>
          </reporter-output>
        </test-method> <!-- Investor_Mandates -->
        <test-method signature="New_Nominee_Declaration()[pri:1, instance:Regression_Testing.GetAPI@245b4bdc]" started-at="2023-05-08T16:53:11 IST" name="New_Nominee_Declaration" finished-at="2023-05-08T16:53:11 IST" duration-ms="140" status="PASS">
          <reporter-output>
          </reporter-output>
        </test-method> <!-- New_Nominee_Declaration -->
        <test-method signature="Pending_Payments()[pri:1, instance:Regression_Testing.GetAPI@245b4bdc]" started-at="2023-05-08T16:53:11 IST" name="Pending_Payments" finished-at="2023-05-08T16:53:11 IST" duration-ms="206" status="PASS">
          <reporter-output>
          </reporter-output>
        </test-method> <!-- Pending_Payments -->
        <test-method signature="Power_STPs()[pri:1, instance:Regression_Testing.GetAPI@245b4bdc]" started-at="2023-05-08T16:53:11 IST" name="Power_STPs" finished-at="2023-05-08T16:53:12 IST" duration-ms="180" status="PASS">
          <reporter-output>
          </reporter-output>
        </test-method> <!-- Power_STPs -->
        <test-method signature="Recent_Transactions()[pri:1, instance:Regression_Testing.GetAPI@245b4bdc]" started-at="2023-05-08T16:53:12 IST" name="Recent_Transactions" finished-at="2023-05-08T16:53:12 IST" duration-ms="165" status="PASS">
          <reporter-output>
          </reporter-output>
        </test-method> <!-- Recent_Transactions -->
        <test-method signature="STP()[pri:1, instance:Regression_Testing.GetAPI@245b4bdc]" started-at="2023-05-08T16:53:12 IST" name="STP" finished-at="2023-05-08T16:53:12 IST" duration-ms="183" status="PASS">
          <reporter-output>
          </reporter-output>
        </test-method> <!-- STP -->
        <test-method signature="SWP()[pri:1, instance:Regression_Testing.GetAPI@245b4bdc]" started-at="2023-05-08T16:53:12 IST" name="SWP" finished-at="2023-05-08T16:53:12 IST" duration-ms="155" status="PASS">
          <reporter-output>
          </reporter-output>
        </test-method> <!-- SWP -->
        <test-method signature="Scheme_info()[pri:1, instance:Regression_Testing.GetAPI@245b4bdc]" started-at="2023-05-08T16:53:12 IST" name="Scheme_info" finished-at="2023-05-08T16:53:12 IST" duration-ms="242" status="PASS">
          <reporter-output>
          </reporter-output>
        </test-method> <!-- Scheme_info -->
        <test-method signature="Systematic_plan()[pri:1, instance:Regression_Testing.GetAPI@245b4bdc]" started-at="2023-05-08T16:53:12 IST" name="Systematic_plan" finished-at="2023-05-08T16:53:13 IST" duration-ms="358" status="PASS">
          <reporter-output>
          </reporter-output>
        </test-method> <!-- Systematic_plan -->
        <test-method signature="Transactions_Authorization()[pri:1, instance:Regression_Testing.GetAPI@245b4bdc]" started-at="2023-05-08T16:53:13 IST" name="Transactions_Authorization" finished-at="2023-05-08T16:53:13 IST" duration-ms="161" status="PASS">
          <reporter-output>
          </reporter-output>
        </test-method> <!-- Transactions_Authorization -->
        <test-method signature="Triggers()[pri:1, instance:Regression_Testing.GetAPI@245b4bdc]" started-at="2023-05-08T16:53:13 IST" name="Triggers" finished-at="2023-05-08T16:53:13 IST" duration-ms="148" status="PASS">
          <reporter-output>
          </reporter-output>
        </test-method> <!-- Triggers -->
        <test-method is-config="true" signature="setOutputDirectory(org.testng.ITestContext)[pri:0, instance:Regression_Testing.GetAPI@245b4bdc]" started-at="2023-05-08T16:53:13 IST" name="setOutputDirectory" finished-at="2023-05-08T16:53:13 IST" duration-ms="4" status="PASS">
          <params>
            <param index="0">
              <value>
                <![CDATA[org.testng.TestRunner@77401977]]>
              </value>
            </param>
          </params>
          <reporter-output>
          </reporter-output>
        </test-method> <!-- setOutputDirectory -->
      </class> <!-- Regression_Testing.GetAPI -->
    </test> <!-- Get_API -->
    <test started-at="2023-05-08T16:53:13 IST" name="Lumpsum" finished-at="2023-05-08T16:53:16 IST" duration-ms="2748">
      <class name="Regression_Testing.Lumpsum">
        <test-method signature="Holding_Profile()[pri:0, instance:Regression_Testing.Lumpsum@409bf450]" started-at="2023-05-08T16:53:13 IST" name="Holding_Profile" finished-at="2023-05-08T16:53:13 IST" duration-ms="184" status="PASS">
          <reporter-output>
          </reporter-output>
        </test-method> <!-- Holding_Profile -->
        <test-method signature="product_search_mf_form()[pri:0, instance:Regression_Testing.Lumpsum@409bf450]" started-at="2023-05-08T16:53:13 IST" name="product_search_mf_form" finished-at="2023-05-08T16:53:13 IST" duration-ms="317" status="PASS">
          <reporter-output>
          </reporter-output>
        </test-method> <!-- product_search_mf_form -->
        <test-method signature="Dashboard_portfolio()[pri:1, instance:Regression_Testing.Lumpsum@409bf450]" started-at="2023-05-08T16:53:13 IST" name="Dashboard_portfolio" finished-at="2023-05-08T16:53:14 IST" duration-ms="261" status="PASS">
          <reporter-output>
          </reporter-output>
        </test-method> <!-- Dashboard_portfolio -->
        <test-method signature="Investor_Cart()[pri:2, instance:Regression_Testing.Lumpsum@409bf450]" started-at="2023-05-08T16:53:14 IST" name="Investor_Cart" finished-at="2023-05-08T16:53:14 IST" duration-ms="186" status="PASS">
          <reporter-output>
          </reporter-output>
        </test-method> <!-- Investor_Cart -->
        <test-method signature="Folio_Group_ID()[pri:3, instance:Regression_Testing.Lumpsum@409bf450]" started-at="2023-05-08T16:53:14 IST" name="Folio_Group_ID" finished-at="2023-05-08T16:53:14 IST" duration-ms="245" status="PASS">
          <reporter-output>
          </reporter-output>
        </test-method> <!-- Folio_Group_ID -->
        <test-method signature="Common_Otp()[pri:4, instance:Regression_Testing.Lumpsum@409bf450]" started-at="2023-05-08T16:53:14 IST" name="Common_Otp" finished-at="2023-05-08T16:53:15 IST" duration-ms="714" status="PASS">
          <reporter-output>
          </reporter-output>
        </test-method> <!-- Common_Otp -->
        <test-method signature="dbconnection()[pri:5, instance:Regression_Testing.Lumpsum@409bf450]" started-at="2023-05-08T16:53:15 IST" name="dbconnection" finished-at="2023-05-08T16:53:15 IST" duration-ms="449" status="PASS">
          <reporter-output>
          </reporter-output>
        </test-method> <!-- dbconnection -->
        <test-method signature="OTP_Verify()[pri:6, instance:Regression_Testing.Lumpsum@409bf450]" started-at="2023-05-08T16:53:15 IST" name="OTP_Verify" finished-at="2023-05-08T16:53:16 IST" duration-ms="178" status="PASS">
          <reporter-output>
          </reporter-output>
        </test-method> <!-- OTP_Verify -->
        <test-method signature="Buy_Cart()[pri:7, instance:Regression_Testing.Lumpsum@409bf450]" started-at="2023-05-08T16:53:16 IST" name="Buy_Cart" finished-at="2023-05-08T16:53:16 IST" duration-ms="209" status="PASS">
          <reporter-output>
          </reporter-output>
        </test-method> <!-- Buy_Cart -->
      </class> <!-- Regression_Testing.Lumpsum -->
    </test> <!-- Lumpsum -->
    <test started-at="2023-05-08T16:53:16 IST" name="Invest_More" finished-at="2023-05-08T16:53:18 IST" duration-ms="2263">
      <class name="Regression_Testing.InvestMore">
        <test-method signature="Holding_Profile()[pri:0, instance:Regression_Testing.InvestMore@689604d9]" started-at="2023-05-08T16:53:16 IST" name="Holding_Profile" finished-at="2023-05-08T16:53:16 IST" duration-ms="188" status="PASS">
          <reporter-output>
          </reporter-output>
        </test-method> <!-- Holding_Profile -->
        <test-method signature="InvestedSchem_API()[pri:1, instance:Regression_Testing.InvestMore@689604d9]" started-at="2023-05-08T16:53:16 IST" name="InvestedSchem_API" finished-at="2023-05-08T16:53:16 IST" duration-ms="234" status="PASS">
          <reporter-output>
          </reporter-output>
        </test-method> <!-- InvestedSchem_API -->
        <test-method signature="Investor_Cart()[pri:2, instance:Regression_Testing.InvestMore@689604d9]" started-at="2023-05-08T16:53:16 IST" name="Investor_Cart" finished-at="2023-05-08T16:53:16 IST" duration-ms="200" status="PASS">
          <reporter-output>
          </reporter-output>
        </test-method> <!-- Investor_Cart -->
        <test-method signature="Folio_Group_ID()[pri:3, instance:Regression_Testing.InvestMore@689604d9]" started-at="2023-05-08T16:53:16 IST" name="Folio_Group_ID" finished-at="2023-05-08T16:53:17 IST" duration-ms="254" status="PASS">
          <reporter-output>
          </reporter-output>
        </test-method> <!-- Folio_Group_ID -->
        <test-method signature="Common_Otp()[pri:4, instance:Regression_Testing.InvestMore@689604d9]" started-at="2023-05-08T16:53:17 IST" name="Common_Otp" finished-at="2023-05-08T16:53:17 IST" duration-ms="683" status="PASS">
          <reporter-output>
          </reporter-output>
        </test-method> <!-- Common_Otp -->
        <test-method signature="DB_Connection()[pri:5, instance:Regression_Testing.InvestMore@689604d9]" started-at="2023-05-08T16:53:17 IST" name="DB_Connection" finished-at="2023-05-08T16:53:18 IST" duration-ms="301" status="PASS">
          <reporter-output>
          </reporter-output>
        </test-method> <!-- DB_Connection -->
        <test-method signature="OTP_Verify()[pri:6, instance:Regression_Testing.InvestMore@689604d9]" started-at="2023-05-08T16:53:18 IST" name="OTP_Verify" finished-at="2023-05-08T16:53:18 IST" duration-ms="192" status="PASS">
          <reporter-output>
          </reporter-output>
        </test-method> <!-- OTP_Verify -->
        <test-method signature="Buy_Cart()[pri:7, instance:Regression_Testing.InvestMore@689604d9]" started-at="2023-05-08T16:53:18 IST" name="Buy_Cart" finished-at="2023-05-08T16:53:18 IST" duration-ms="205" status="PASS">
          <reporter-output>
          </reporter-output>
        </test-method> <!-- Buy_Cart -->
      </class> <!-- Regression_Testing.InvestMore -->
    </test> <!-- Invest_More -->
    <test started-at="2023-05-08T16:53:18 IST" name="Redeem_Regression" finished-at="2023-05-08T16:53:21 IST" duration-ms="3414">
      <class name="Regression_Testing.Redemption">
        <test-method signature="HoldingProfile_API()[pri:0, instance:Regression_Testing.Redemption@34a3d150]" started-at="2023-05-08T16:53:18 IST" name="HoldingProfile_API" finished-at="2023-05-08T16:53:18 IST" duration-ms="204" status="PASS">
          <reporter-output>
          </reporter-output>
        </test-method> <!-- HoldingProfile_API -->
        <test-method signature="Questinoari_API()[pri:0, instance:Regression_Testing.Redemption@34a3d150]" started-at="2023-05-08T16:53:18 IST" name="Questinoari_API" finished-at="2023-05-08T16:53:19 IST" duration-ms="696" status="PASS">
          <reporter-output>
          </reporter-output>
        </test-method> <!-- Questinoari_API -->
        <test-method signature="InvestedSchem_API()[pri:1, instance:Regression_Testing.Redemption@34a3d150]" started-at="2023-05-08T16:53:19 IST" name="InvestedSchem_API" finished-at="2023-05-08T16:53:19 IST" duration-ms="197" status="PASS">
          <reporter-output>
          </reporter-output>
        </test-method> <!-- InvestedSchem_API -->
        <test-method signature="Common_OTP()[pri:2, instance:Regression_Testing.Redemption@34a3d150]" started-at="2023-05-08T16:53:19 IST" name="Common_OTP" finished-at="2023-05-08T16:53:20 IST" duration-ms="724" status="PASS">
          <reporter-output>
          </reporter-output>
        </test-method> <!-- Common_OTP -->
        <test-method signature="DB_Connection()[pri:3, instance:Regression_Testing.Redemption@34a3d150]" started-at="2023-05-08T16:53:20 IST" name="DB_Connection" finished-at="2023-05-08T16:53:20 IST" duration-ms="312" status="PASS">
          <reporter-output>
          </reporter-output>
        </test-method> <!-- DB_Connection -->
        <test-method signature="Verify_OTP()[pri:4, instance:Regression_Testing.Redemption@34a3d150]" started-at="2023-05-08T16:53:20 IST" name="Verify_OTP" finished-at="2023-05-08T16:53:20 IST" duration-ms="184" status="PASS">
          <reporter-output>
          </reporter-output>
        </test-method> <!-- Verify_OTP -->
        <test-method signature="Redeem_API()[pri:5, instance:Regression_Testing.Redemption@34a3d150]" started-at="2023-05-08T16:53:20 IST" name="Redeem_API" finished-at="2023-05-08T16:53:21 IST" duration-ms="751" status="PASS">
          <reporter-output>
          </reporter-output>
        </test-method> <!-- Redeem_API -->
        <test-method signature="Recent_Transaction()[pri:6, instance:Regression_Testing.Redemption@34a3d150]" started-at="2023-05-08T16:53:21 IST" name="Recent_Transaction" finished-at="2023-05-08T16:53:21 IST" duration-ms="171" status="PASS">
          <reporter-output>
          </reporter-output>
        </test-method> <!-- Recent_Transaction -->
        <test-method signature="Delete_API()[pri:7, instance:Regression_Testing.Redemption@34a3d150]" started-at="2023-05-08T16:53:21 IST" name="Delete_API" finished-at="2023-05-08T16:53:21 IST" duration-ms="169" status="PASS">
          <reporter-output>
          </reporter-output>
        </test-method> <!-- Delete_API -->
      </class> <!-- Regression_Testing.Redemption -->
    </test> <!-- Redeem_Regression -->
    <test started-at="2023-05-08T16:53:21 IST" name="SWP and SWP_Edit" finished-at="2023-05-08T16:53:27 IST" duration-ms="5108">
      <class name="Regression_Testing.SWP_SWPEdit">
        <test-method signature="HoldingProfile_API()[pri:0, instance:Regression_Testing.SWP_SWPEdit@47eaca72]" started-at="2023-05-08T16:53:21 IST" name="HoldingProfile_API" finished-at="2023-05-08T16:53:22 IST" duration-ms="197" status="PASS">
          <reporter-output>
          </reporter-output>
        </test-method> <!-- HoldingProfile_API -->
        <test-method signature="InvestedSchem_API()[pri:1, instance:Regression_Testing.SWP_SWPEdit@47eaca72]" started-at="2023-05-08T16:53:22 IST" name="InvestedSchem_API" finished-at="2023-05-08T16:53:22 IST" duration-ms="199" status="PASS">
          <reporter-output>
          </reporter-output>
        </test-method> <!-- InvestedSchem_API -->
        <test-method signature="product_search_mf_form()[pri:2, instance:Regression_Testing.SWP_SWPEdit@47eaca72]" started-at="2023-05-08T16:53:22 IST" name="product_search_mf_form" finished-at="2023-05-08T16:53:22 IST" duration-ms="199" status="PASS">
          <reporter-output>
          </reporter-output>
        </test-method> <!-- product_search_mf_form -->
        <test-method signature="Installment_dates()[pri:3, instance:Regression_Testing.SWP_SWPEdit@47eaca72]" started-at="2023-05-08T16:53:22 IST" name="Installment_dates" finished-at="2023-05-08T16:53:22 IST" duration-ms="178" status="PASS">
          <reporter-output>
          </reporter-output>
        </test-method> <!-- Installment_dates -->
        <test-method signature="Common_OTP()[pri:4, instance:Regression_Testing.SWP_SWPEdit@47eaca72]" started-at="2023-05-08T16:53:22 IST" name="Common_OTP" finished-at="2023-05-08T16:53:23 IST" duration-ms="756" status="PASS">
          <reporter-output>
          </reporter-output>
        </test-method> <!-- Common_OTP -->
        <test-method signature="DB_Connection()[pri:5, instance:Regression_Testing.SWP_SWPEdit@47eaca72]" started-at="2023-05-08T16:53:23 IST" name="DB_Connection" finished-at="2023-05-08T16:53:23 IST" duration-ms="294" status="PASS">
          <reporter-output>
          </reporter-output>
        </test-method> <!-- DB_Connection -->
        <test-method signature="Verify_OTP()[pri:6, instance:Regression_Testing.SWP_SWPEdit@47eaca72]" started-at="2023-05-08T16:53:23 IST" name="Verify_OTP" finished-at="2023-05-08T16:53:23 IST" duration-ms="166" status="PASS">
          <reporter-output>
          </reporter-output>
        </test-method> <!-- Verify_OTP -->
        <test-method signature="SWP_API()[pri:7, instance:Regression_Testing.SWP_SWPEdit@47eaca72]" started-at="2023-05-08T16:53:23 IST" name="SWP_API" finished-at="2023-05-08T16:53:24 IST" duration-ms="177" status="PASS">
          <reporter-output>
          </reporter-output>
        </test-method> <!-- SWP_API -->
        <test-method signature="Installment_dates_Edit()[pri:8, instance:Regression_Testing.SWP_SWPEdit@47eaca72]" started-at="2023-05-08T16:53:24 IST" name="Installment_dates_Edit" finished-at="2023-05-08T16:53:24 IST" duration-ms="174" status="PASS">
          <reporter-output>
          </reporter-output>
        </test-method> <!-- Installment_dates_Edit -->
        <test-method signature="Common_OTP_Edit()[pri:9, instance:Regression_Testing.SWP_SWPEdit@47eaca72]" started-at="2023-05-08T16:53:24 IST" name="Common_OTP_Edit" finished-at="2023-05-08T16:53:24 IST" duration-ms="692" status="PASS">
          <reporter-output>
          </reporter-output>
        </test-method> <!-- Common_OTP_Edit -->
        <test-method signature="DB_Connection_Edit()[pri:10, instance:Regression_Testing.SWP_SWPEdit@47eaca72]" started-at="2023-05-08T16:53:24 IST" name="DB_Connection_Edit" finished-at="2023-05-08T16:53:25 IST" duration-ms="294" status="PASS">
          <reporter-output>
          </reporter-output>
        </test-method> <!-- DB_Connection_Edit -->
        <test-method signature="Verify_OTP_Edit()[pri:11, instance:Regression_Testing.SWP_SWPEdit@47eaca72]" started-at="2023-05-08T16:53:25 IST" name="Verify_OTP_Edit" finished-at="2023-05-08T16:53:25 IST" duration-ms="177" status="PASS">
          <reporter-output>
          </reporter-output>
        </test-method> <!-- Verify_OTP_Edit -->
        <test-method signature="SWP_Edit()[pri:12, instance:Regression_Testing.SWP_SWPEdit@47eaca72]" started-at="2023-05-08T16:53:25 IST" name="SWP_Edit" finished-at="2023-05-08T16:53:26 IST" duration-ms="713" status="PASS">
          <reporter-output>
          </reporter-output>
        </test-method> <!-- SWP_Edit -->
        <test-method signature="Current_SWP()[pri:13, instance:Regression_Testing.SWP_SWPEdit@47eaca72]" started-at="2023-05-08T16:53:26 IST" name="Current_SWP" finished-at="2023-05-08T16:53:26 IST" duration-ms="192" status="PASS">
          <reporter-output>
          </reporter-output>
        </test-method> <!-- Current_SWP -->
        <test-method signature="SWP_Cancel()[pri:14, instance:Regression_Testing.SWP_SWPEdit@47eaca72]" started-at="2023-05-08T16:53:26 IST" name="SWP_Cancel" finished-at="2023-05-08T16:53:27 IST" duration-ms="684" status="PASS">
          <reporter-output>
          </reporter-output>
        </test-method> <!-- SWP_Cancel -->
      </class> <!-- Regression_Testing.SWP_SWPEdit -->
    </test> <!-- SWP and SWP_Edit -->
    <test started-at="2023-05-08T16:53:27 IST" name="Switch" finished-at="2023-05-08T16:53:30 IST" duration-ms="3138">
      <class name="Regression_Testing.Switch">
        <test-method signature="HoldingProfile_API()[pri:0, instance:Regression_Testing.Switch@76505305]" started-at="2023-05-08T16:53:27 IST" name="HoldingProfile_API" finished-at="2023-05-08T16:53:27 IST" duration-ms="195" status="PASS">
          <reporter-output>
          </reporter-output>
        </test-method> <!-- HoldingProfile_API -->
        <test-method signature="InvestedSchem_API()[pri:1, instance:Regression_Testing.Switch@76505305]" started-at="2023-05-08T16:53:27 IST" name="InvestedSchem_API" finished-at="2023-05-08T16:53:27 IST" duration-ms="200" status="PASS">
          <reporter-output>
          </reporter-output>
        </test-method> <!-- InvestedSchem_API -->
        <test-method signature="product_search_mf_form()[pri:2, instance:Regression_Testing.Switch@76505305]" started-at="2023-05-08T16:53:27 IST" name="product_search_mf_form" finished-at="2023-05-08T16:53:27 IST" duration-ms="200" status="PASS">
          <reporter-output>
          </reporter-output>
        </test-method> <!-- product_search_mf_form -->
        <test-method signature="TargetScheme_Search()[pri:3, instance:Regression_Testing.Switch@76505305]" started-at="2023-05-08T16:53:27 IST" name="TargetScheme_Search" finished-at="2023-05-08T16:53:27 IST" duration-ms="212" status="PASS">
          <reporter-output>
          </reporter-output>
        </test-method> <!-- TargetScheme_Search -->
        <test-method signature="Common_OTP()[pri:4, instance:Regression_Testing.Switch@76505305]" started-at="2023-05-08T16:53:27 IST" name="Common_OTP" finished-at="2023-05-08T16:53:28 IST" duration-ms="742" status="PASS">
          <reporter-output>
          </reporter-output>
        </test-method> <!-- Common_OTP -->
        <test-method signature="DB_Connection()[pri:5, instance:Regression_Testing.Switch@76505305]" started-at="2023-05-08T16:53:28 IST" name="DB_Connection" finished-at="2023-05-08T16:53:28 IST" duration-ms="305" status="PASS">
          <reporter-output>
          </reporter-output>
        </test-method> <!-- DB_Connection -->
        <test-method signature="Verify_OTP()[pri:6, instance:Regression_Testing.Switch@76505305]" started-at="2023-05-08T16:53:28 IST" name="Verify_OTP" finished-at="2023-05-08T16:53:29 IST" duration-ms="199" status="PASS">
          <reporter-output>
          </reporter-output>
        </test-method> <!-- Verify_OTP -->
        <test-method signature="Switch_API()[pri:7, instance:Regression_Testing.Switch@76505305]" started-at="2023-05-08T16:53:29 IST" name="Switch_API" finished-at="2023-05-08T16:53:29 IST" duration-ms="700" status="PASS">
          <reporter-output>
          </reporter-output>
        </test-method> <!-- Switch_API -->
        <test-method signature="Recent_Transaction()[pri:8, instance:Regression_Testing.Switch@76505305]" started-at="2023-05-08T16:53:29 IST" name="Recent_Transaction" finished-at="2023-05-08T16:53:29 IST" duration-ms="197" status="PASS">
          <reporter-output>
          </reporter-output>
        </test-method> <!-- Recent_Transaction -->
        <test-method signature="Delete_API()[pri:9, instance:Regression_Testing.Switch@76505305]" started-at="2023-05-08T16:53:29 IST" name="Delete_API" finished-at="2023-05-08T16:53:30 IST" duration-ms="180" status="PASS">
          <reporter-output>
          </reporter-output>
        </test-method> <!-- Delete_API -->
      </class> <!-- Regression_Testing.Switch -->
    </test> <!-- Switch -->
    <test started-at="2023-05-08T16:53:30 IST" name="STP an STP_Edit" finished-at="2023-05-08T16:53:36 IST" duration-ms="6158">
      <class name="Regression_Testing.STP_STPEdit">
        <test-method signature="HoldingProfile_API()[pri:0, instance:Regression_Testing.STP_STPEdit@41d477ed]" started-at="2023-05-08T16:53:30 IST" name="HoldingProfile_API" finished-at="2023-05-08T16:53:30 IST" duration-ms="222" status="PASS">
          <reporter-output>
          </reporter-output>
        </test-method> <!-- HoldingProfile_API -->
        <test-method signature="InvestedSchem_API()[pri:1, instance:Regression_Testing.STP_STPEdit@41d477ed]" started-at="2023-05-08T16:53:30 IST" name="InvestedSchem_API" finished-at="2023-05-08T16:53:30 IST" duration-ms="202" status="PASS">
          <reporter-output>
          </reporter-output>
        </test-method> <!-- InvestedSchem_API -->
        <test-method signature="product_search_mf_form()[pri:2, instance:Regression_Testing.STP_STPEdit@41d477ed]" started-at="2023-05-08T16:53:30 IST" name="product_search_mf_form" finished-at="2023-05-08T16:53:30 IST" duration-ms="191" status="PASS">
          <reporter-output>
          </reporter-output>
        </test-method> <!-- product_search_mf_form -->
        <test-method signature="TargetScheme_Search()[pri:3, instance:Regression_Testing.STP_STPEdit@41d477ed]" started-at="2023-05-08T16:53:30 IST" name="TargetScheme_Search" finished-at="2023-05-08T16:53:31 IST" duration-ms="219" status="PASS">
          <reporter-output>
          </reporter-output>
        </test-method> <!-- TargetScheme_Search -->
        <test-method signature="Installment_dates()[pri:4, instance:Regression_Testing.STP_STPEdit@41d477ed]" started-at="2023-05-08T16:53:31 IST" name="Installment_dates" finished-at="2023-05-08T16:53:31 IST" duration-ms="161" status="PASS">
          <reporter-output>
          </reporter-output>
        </test-method> <!-- Installment_dates -->
        <test-method signature="Common_OTP()[pri:5, instance:Regression_Testing.STP_STPEdit@41d477ed]" started-at="2023-05-08T16:53:31 IST" name="Common_OTP" finished-at="2023-05-08T16:53:31 IST" duration-ms="725" status="PASS">
          <reporter-output>
          </reporter-output>
        </test-method> <!-- Common_OTP -->
        <test-method signature="DB_Connection()[pri:6, instance:Regression_Testing.STP_STPEdit@41d477ed]" started-at="2023-05-08T16:53:31 IST" name="DB_Connection" finished-at="2023-05-08T16:53:32 IST" duration-ms="297" status="PASS">
          <reporter-output>
          </reporter-output>
        </test-method> <!-- DB_Connection -->
        <test-method signature="Verify_OTP()[pri:7, instance:Regression_Testing.STP_STPEdit@41d477ed]" started-at="2023-05-08T16:53:32 IST" name="Verify_OTP" finished-at="2023-05-08T16:53:32 IST" duration-ms="186" status="PASS">
          <reporter-output>
          </reporter-output>
        </test-method> <!-- Verify_OTP -->
        <test-method signature="STP_API()[pri:8, instance:Regression_Testing.STP_STPEdit@41d477ed]" started-at="2023-05-08T16:53:32 IST" name="STP_API" finished-at="2023-05-08T16:53:33 IST" duration-ms="805" status="PASS">
          <reporter-output>
          </reporter-output>
        </test-method> <!-- STP_API -->
        <test-method signature="Current_STP()[pri:9, instance:Regression_Testing.STP_STPEdit@41d477ed]" started-at="2023-05-08T16:53:33 IST" name="Current_STP" finished-at="2023-05-08T16:53:33 IST" duration-ms="183" status="PASS">
          <reporter-output>
          </reporter-output>
        </test-method> <!-- Current_STP -->
        <test-method signature="Edit_Installment_Date()[pri:10, instance:Regression_Testing.STP_STPEdit@41d477ed]" started-at="2023-05-08T16:53:33 IST" name="Edit_Installment_Date" finished-at="2023-05-08T16:53:33 IST" duration-ms="162" status="PASS">
          <reporter-output>
          </reporter-output>
        </test-method> <!-- Edit_Installment_Date -->
        <test-method signature="Edit_Common_OTP()[pri:11, instance:Regression_Testing.STP_STPEdit@41d477ed]" started-at="2023-05-08T16:53:33 IST" name="Edit_Common_OTP" finished-at="2023-05-08T16:53:34 IST" duration-ms="705" status="PASS">
          <reporter-output>
          </reporter-output>
        </test-method> <!-- Edit_Common_OTP -->
        <test-method signature="Edit_DB_Connection()[pri:12, instance:Regression_Testing.STP_STPEdit@41d477ed]" started-at="2023-05-08T16:53:34 IST" name="Edit_DB_Connection" finished-at="2023-05-08T16:53:34 IST" duration-ms="314" status="PASS">
          <reporter-output>
          </reporter-output>
        </test-method> <!-- Edit_DB_Connection -->
        <test-method signature="Edit_Verify_OTP()[pri:13, instance:Regression_Testing.STP_STPEdit@41d477ed]" started-at="2023-05-08T16:53:34 IST" name="Edit_Verify_OTP" finished-at="2023-05-08T16:53:34 IST" duration-ms="185" status="PASS">
          <reporter-output>
          </reporter-output>
        </test-method> <!-- Edit_Verify_OTP -->
        <test-method signature="STP_Edit()[pri:14, instance:Regression_Testing.STP_STPEdit@41d477ed]" started-at="2023-05-08T16:53:34 IST" name="STP_Edit" finished-at="2023-05-08T16:53:35 IST" duration-ms="720" status="PASS">
          <reporter-output>
          </reporter-output>
        </test-method> <!-- STP_Edit -->
        <test-method signature="STP_Cancel()[pri:15, instance:Regression_Testing.STP_STPEdit@41d477ed]" started-at="2023-05-08T16:53:35 IST" name="STP_Cancel" finished-at="2023-05-08T16:53:36 IST" duration-ms="868" status="PASS">
          <reporter-output>
          </reporter-output>
        </test-method> <!-- STP_Cancel -->
      </class> <!-- Regression_Testing.STP_STPEdit -->
    </test> <!-- STP an STP_Edit -->
    <test started-at="2023-05-08T16:53:36 IST" name="SIP Set-Up" finished-at="2023-05-08T16:53:39 IST" duration-ms="3234">
      <class name="Regression_Testing.SIP">
        <test-method signature="Holding_Profile()[pri:0, instance:Regression_Testing.SIP@dd71b20]" started-at="2023-05-08T16:53:36 IST" name="Holding_Profile" finished-at="2023-05-08T16:53:36 IST" duration-ms="195" status="PASS">
          <reporter-output>
          </reporter-output>
        </test-method> <!-- Holding_Profile -->
        <test-method signature="Dashboard_portfolio()[pri:1, instance:Regression_Testing.SIP@dd71b20]" started-at="2023-05-08T16:53:36 IST" name="Dashboard_portfolio" finished-at="2023-05-08T16:53:36 IST" duration-ms="220" status="PASS">
          <reporter-output>
          </reporter-output>
        </test-method> <!-- Dashboard_portfolio -->
        <test-method signature="product_search_mf_form()[pri:2, instance:Regression_Testing.SIP@dd71b20]" started-at="2023-05-08T16:53:36 IST" name="product_search_mf_form" finished-at="2023-05-08T16:53:36 IST" duration-ms="231" status="PASS">
          <reporter-output>
          </reporter-output>
        </test-method> <!-- product_search_mf_form -->
        <test-method signature="Mandate_API()[pri:3, instance:Regression_Testing.SIP@dd71b20]" started-at="2023-05-08T16:53:36 IST" name="Mandate_API" finished-at="2023-05-08T16:53:37 IST" duration-ms="219" status="PASS">
          <reporter-output>
          </reporter-output>
        </test-method> <!-- Mandate_API -->
        <test-method signature="Investor_Cart_SIP()[pri:4, instance:Regression_Testing.SIP@dd71b20]" started-at="2023-05-08T16:53:37 IST" name="Investor_Cart_SIP" finished-at="2023-05-08T16:53:37 IST" duration-ms="184" status="PASS">
          <reporter-output>
          </reporter-output>
        </test-method> <!-- Investor_Cart_SIP -->
        <test-method signature="Folio_Group_ID()[pri:5, instance:Regression_Testing.SIP@dd71b20]" started-at="2023-05-08T16:53:37 IST" name="Folio_Group_ID" finished-at="2023-05-08T16:53:37 IST" duration-ms="260" status="PASS">
          <reporter-output>
          </reporter-output>
        </test-method> <!-- Folio_Group_ID -->
        <test-method signature="Common_Otp()[pri:6, instance:Regression_Testing.SIP@dd71b20]" started-at="2023-05-08T16:53:37 IST" name="Common_Otp" finished-at="2023-05-08T16:53:38 IST" duration-ms="663" status="PASS">
          <reporter-output>
          </reporter-output>
        </test-method> <!-- Common_Otp -->
        <test-method signature="DB_Connection()[pri:7, instance:Regression_Testing.SIP@dd71b20]" started-at="2023-05-08T16:53:38 IST" name="DB_Connection" finished-at="2023-05-08T16:53:38 IST" duration-ms="304" status="PASS">
          <reporter-output>
          </reporter-output>
        </test-method> <!-- DB_Connection -->
        <test-method signature="OTP_Verify()[pri:8, instance:Regression_Testing.SIP@dd71b20]" started-at="2023-05-08T16:53:38 IST" name="OTP_Verify" finished-at="2023-05-08T16:53:38 IST" duration-ms="183" status="PASS">
          <reporter-output>
          </reporter-output>
        </test-method> <!-- OTP_Verify -->
        <test-method signature="Buy_Cart()[pri:9, instance:Regression_Testing.SIP@dd71b20]" started-at="2023-05-08T16:53:38 IST" name="Buy_Cart" finished-at="2023-05-08T16:53:39 IST" duration-ms="769" status="PASS">
          <reporter-output>
          </reporter-output>
        </test-method> <!-- Buy_Cart -->
      </class> <!-- Regression_Testing.SIP -->
    </test> <!-- SIP Set-Up -->
    <test started-at="2023-05-08T16:53:39 IST" name="SIP_ChangeAmount" finished-at="2023-05-08T16:53:42 IST" duration-ms="3095">
      <class name="Regression_Testing.SIP_ChangeAmount">
        <test-method signature="HoldingProfile_API()[pri:0, instance:Regression_Testing.SIP_ChangeAmount@4b76aa5a]" started-at="2023-05-08T16:53:39 IST" name="HoldingProfile_API" finished-at="2023-05-08T16:53:39 IST" duration-ms="202" status="PASS">
          <reporter-output>
          </reporter-output>
        </test-method> <!-- HoldingProfile_API -->
        <test-method signature="Current_SIPS()[pri:1, instance:Regression_Testing.SIP_ChangeAmount@4b76aa5a]" started-at="2023-05-08T16:53:39 IST" name="Current_SIPS" finished-at="2023-05-08T16:53:40 IST" duration-ms="475" status="PASS">
          <reporter-output>
          </reporter-output>
        </test-method> <!-- Current_SIPS -->
        <test-method signature="SIP_Amount_Change_Alert()[pri:2, instance:Regression_Testing.SIP_ChangeAmount@4b76aa5a]" started-at="2023-05-08T16:53:40 IST" name="SIP_Amount_Change_Alert" finished-at="2023-05-08T16:53:41 IST" duration-ms="894" status="PASS">
          <reporter-output>
          </reporter-output>
        </test-method> <!-- SIP_Amount_Change_Alert -->
        <test-method signature="SIP_Amount_Change_FlexiSIP()[pri:2, instance:Regression_Testing.SIP_ChangeAmount@4b76aa5a]" started-at="2023-05-08T16:53:41 IST" name="SIP_Amount_Change_FlexiSIP" finished-at="2023-05-08T16:53:41 IST" duration-ms="735" status="PASS">
          <reporter-output>
          </reporter-output>
        </test-method> <!-- SIP_Amount_Change_FlexiSIP -->
        <test-method signature="SIP_Amount_Change_Regular()[pri:2, instance:Regression_Testing.SIP_ChangeAmount@4b76aa5a]" started-at="2023-05-08T16:53:41 IST" name="SIP_Amount_Change_Regular" finished-at="2023-05-08T16:53:42 IST" duration-ms="786" status="PASS">
          <reporter-output>
          </reporter-output>
        </test-method> <!-- SIP_Amount_Change_Regular -->
      </class> <!-- Regression_Testing.SIP_ChangeAmount -->
    </test> <!-- SIP_ChangeAmount -->
    <test started-at="2023-05-08T16:53:42 IST" name="SIP_ChangeScheme" finished-at="2023-05-08T16:53:44 IST" duration-ms="1716">
      <class name="Regression_Testing.SIP_ChangeScheme">
        <test-method signature="HoldingProfile_API()[pri:0, instance:Regression_Testing.SIP_ChangeScheme@2f9a4401]" started-at="2023-05-08T16:53:42 IST" name="HoldingProfile_API" finished-at="2023-05-08T16:53:42 IST" duration-ms="183" status="PASS">
          <reporter-output>
          </reporter-output>
        </test-method> <!-- HoldingProfile_API -->
        <test-method signature="Current_SIPS()[pri:1, instance:Regression_Testing.SIP_ChangeScheme@2f9a4401]" started-at="2023-05-08T16:53:42 IST" name="Current_SIPS" finished-at="2023-05-08T16:53:43 IST" duration-ms="498" status="PASS">
          <reporter-output>
          </reporter-output>
        </test-method> <!-- Current_SIPS -->
        <test-method signature="product_search_mf_form()[pri:2, instance:Regression_Testing.SIP_ChangeScheme@2f9a4401]" started-at="2023-05-08T16:53:43 IST" name="product_search_mf_form" finished-at="2023-05-08T16:53:43 IST" duration-ms="214" status="PASS">
          <reporter-output>
          </reporter-output>
        </test-method> <!-- product_search_mf_form -->
        <test-method signature="Common_Otp()[pri:3, instance:Regression_Testing.SIP_ChangeScheme@2f9a4401]" started-at="2023-05-08T16:53:43 IST" name="Common_Otp" finished-at="2023-05-08T16:53:43 IST" duration-ms="207" status="FAIL">
          <exception class="java.lang.AssertionError">
            <message>
              <![CDATA[1 expectation failed.
Expected status code <200> but was <400>.
]]>
            </message>
            <full-stacktrace>
              <![CDATA[java.lang.AssertionError: 1 expectation failed.
Expected status code <200> but was <400>.

at java.base/jdk.internal.reflect.DirectConstructorHandleAccessor.newInstance(DirectConstructorHandleAccessor.java:67)
at java.base/java.lang.reflect.Constructor.newInstanceWithCaller(Constructor.java:500)
at java.base/java.lang.reflect.Constructor.newInstance(Constructor.java:484)
at org.codehaus.groovy.reflection.CachedConstructor.invoke(CachedConstructor.java:73)
at org.codehaus.groovy.runtime.callsite.ConstructorSite$ConstructorSiteNoUnwrapNoCoerce.callConstructor(ConstructorSite.java:108)
at org.codehaus.groovy.runtime.callsite.CallSiteArray.defaultCallConstructor(CallSiteArray.java:58)
at org.codehaus.groovy.runtime.callsite.AbstractCallSite.callConstructor(AbstractCallSite.java:263)
at org.codehaus.groovy.runtime.callsite.AbstractCallSite.callConstructor(AbstractCallSite.java:277)
at io.restassured.internal.ResponseSpecificationImpl$HamcrestAssertionClosure.validate(ResponseSpecificationImpl.groovy:505)
at io.restassured.internal.ResponseSpecificationImpl$HamcrestAssertionClosure$validate$1.call(Unknown Source)
at io.restassured.internal.ResponseSpecificationImpl.validate(ResponseSpecificationImpl.groovy:94)
at io.restassured.internal.ValidatableResponseOptionsImpl.spec(ValidatableResponseOptionsImpl.java:288)
at Regression_Testing.SIP_ChangeScheme.Common_Otp(SIP_ChangeScheme.java:156)
at java.base/jdk.internal.reflect.DirectMethodHandleAccessor.invoke(DirectMethodHandleAccessor.java:104)
at java.base/java.lang.reflect.Method.invoke(Method.java:578)
at org.testng.internal.invokers.MethodInvocationHelper.invokeMethod(MethodInvocationHelper.java:139)
at org.testng.internal.invokers.TestInvoker.invokeMethod(TestInvoker.java:677)
at org.testng.internal.invokers.TestInvoker.invokeTestMethod(TestInvoker.java:221)
at org.testng.internal.invokers.MethodRunner.runInSequence(MethodRunner.java:50)
at org.testng.internal.invokers.TestInvoker$MethodInvocationAgent.invoke(TestInvoker.java:962)
at org.testng.internal.invokers.TestInvoker.invokeTestMethods(TestInvoker.java:194)
at org.testng.internal.invokers.TestMethodWorker.invokeTestMethods(TestMethodWorker.java:148)
at org.testng.internal.invokers.TestMethodWorker.run(TestMethodWorker.java:128)
at java.base/java.util.ArrayList.forEach(ArrayList.java:1511)
at org.testng.TestRunner.privateRun(TestRunner.java:806)
at org.testng.TestRunner.run(TestRunner.java:601)
at org.testng.SuiteRunner.runTest(SuiteRunner.java:433)
at org.testng.SuiteRunner.runSequentially(SuiteRunner.java:427)
at org.testng.SuiteRunner.privateRun(SuiteRunner.java:387)
at org.testng.SuiteRunner.run(SuiteRunner.java:330)
at org.testng.SuiteRunnerWorker.runSuite(SuiteRunnerWorker.java:52)
at org.testng.SuiteRunnerWorker.run(SuiteRunnerWorker.java:95)
at org.testng.TestNG.runSuitesSequentially(TestNG.java:1256)
at org.testng.TestNG.runSuitesLocally(TestNG.java:1176)
at org.testng.TestNG.runSuites(TestNG.java:1099)
at org.testng.TestNG.run(TestNG.java:1067)
at com.intellij.rt.testng.IDEARemoteTestNG.run(IDEARemoteTestNG.java:66)
at com.intellij.rt.testng.RemoteTestNGStarter.main(RemoteTestNGStarter.java:105)
]]>
            </full-stacktrace>
          </exception> <!-- java.lang.AssertionError -->
          <reporter-output>
          </reporter-output>
        </test-method> <!-- Common_Otp -->
        <test-method signature="DB_Connection()[pri:4, instance:Regression_Testing.SIP_ChangeScheme@2f9a4401]" started-at="2023-05-08T16:53:43 IST" name="DB_Connection" finished-at="2023-05-08T16:53:44 IST" duration-ms="277" status="PASS">
          <reporter-output>
          </reporter-output>
        </test-method> <!-- DB_Connection -->
        <test-method signature="OTP_Verify()[pri:5, instance:Regression_Testing.SIP_ChangeScheme@2f9a4401]" started-at="2023-05-08T16:53:44 IST" name="OTP_Verify" finished-at="2023-05-08T16:53:44 IST" duration-ms="134" status="FAIL">
          <exception class="java.lang.AssertionError">
            <message>
              <![CDATA[1 expectation failed.
Expected status code <200> but was <400>.
]]>
            </message>
            <full-stacktrace>
              <![CDATA[java.lang.AssertionError: 1 expectation failed.
Expected status code <200> but was <400>.

at java.base/jdk.internal.reflect.DirectConstructorHandleAccessor.newInstance(DirectConstructorHandleAccessor.java:67)
at java.base/java.lang.reflect.Constructor.newInstanceWithCaller(Constructor.java:500)
at java.base/java.lang.reflect.Constructor.newInstance(Constructor.java:484)
at org.codehaus.groovy.reflection.CachedConstructor.invoke(CachedConstructor.java:73)
at org.codehaus.groovy.runtime.callsite.ConstructorSite$ConstructorSiteNoUnwrapNoCoerce.callConstructor(ConstructorSite.java:108)
at org.codehaus.groovy.runtime.callsite.AbstractCallSite.callConstructor(AbstractCallSite.java:277)
at io.restassured.internal.ResponseSpecificationImpl$HamcrestAssertionClosure.validate(ResponseSpecificationImpl.groovy:505)
at io.restassured.internal.ResponseSpecificationImpl$HamcrestAssertionClosure$validate$1.call(Unknown Source)
at io.restassured.internal.ResponseSpecificationImpl.validate(ResponseSpecificationImpl.groovy:94)
at io.restassured.internal.ValidatableResponseOptionsImpl.spec(ValidatableResponseOptionsImpl.java:288)
at Regression_Testing.SIP_ChangeScheme.OTP_Verify(SIP_ChangeScheme.java:200)
at java.base/jdk.internal.reflect.DirectMethodHandleAccessor.invoke(DirectMethodHandleAccessor.java:104)
at java.base/java.lang.reflect.Method.invoke(Method.java:578)
at org.testng.internal.invokers.MethodInvocationHelper.invokeMethod(MethodInvocationHelper.java:139)
at org.testng.internal.invokers.TestInvoker.invokeMethod(TestInvoker.java:677)
at org.testng.internal.invokers.TestInvoker.invokeTestMethod(TestInvoker.java:221)
at org.testng.internal.invokers.MethodRunner.runInSequence(MethodRunner.java:50)
at org.testng.internal.invokers.TestInvoker$MethodInvocationAgent.invoke(TestInvoker.java:962)
at org.testng.internal.invokers.TestInvoker.invokeTestMethods(TestInvoker.java:194)
at org.testng.internal.invokers.TestMethodWorker.invokeTestMethods(TestMethodWorker.java:148)
at org.testng.internal.invokers.TestMethodWorker.run(TestMethodWorker.java:128)
at java.base/java.util.ArrayList.forEach(ArrayList.java:1511)
at org.testng.TestRunner.privateRun(TestRunner.java:806)
at org.testng.TestRunner.run(TestRunner.java:601)
at org.testng.SuiteRunner.runTest(SuiteRunner.java:433)
at org.testng.SuiteRunner.runSequentially(SuiteRunner.java:427)
at org.testng.SuiteRunner.privateRun(SuiteRunner.java:387)
at org.testng.SuiteRunner.run(SuiteRunner.java:330)
at org.testng.SuiteRunnerWorker.runSuite(SuiteRunnerWorker.java:52)
at org.testng.SuiteRunnerWorker.run(SuiteRunnerWorker.java:95)
at org.testng.TestNG.runSuitesSequentially(TestNG.java:1256)
at org.testng.TestNG.runSuitesLocally(TestNG.java:1176)
at org.testng.TestNG.runSuites(TestNG.java:1099)
at org.testng.TestNG.run(TestNG.java:1067)
at com.intellij.rt.testng.IDEARemoteTestNG.run(IDEARemoteTestNG.java:66)
at com.intellij.rt.testng.RemoteTestNGStarter.main(RemoteTestNGStarter.java:105)
]]>
            </full-stacktrace>
          </exception> <!-- java.lang.AssertionError -->
          <reporter-output>
          </reporter-output>
        </test-method> <!-- OTP_Verify -->
        <test-method signature="Change_Scheme_Reg()[pri:6, instance:Regression_Testing.SIP_ChangeScheme@2f9a4401]" started-at="2023-05-08T16:53:44 IST" name="Change_Scheme_Reg" finished-at="2023-05-08T16:53:44 IST" duration-ms="195" status="FAIL">
          <exception class="java.lang.AssertionError">
            <message>
              <![CDATA[1 expectation failed.
Expected status code <200> but was <400>.
]]>
            </message>
            <full-stacktrace>
              <![CDATA[java.lang.AssertionError: 1 expectation failed.
Expected status code <200> but was <400>.

at java.base/jdk.internal.reflect.DirectConstructorHandleAccessor.newInstance(DirectConstructorHandleAccessor.java:67)
at java.base/java.lang.reflect.Constructor.newInstanceWithCaller(Constructor.java:500)
at java.base/java.lang.reflect.Constructor.newInstance(Constructor.java:484)
at org.codehaus.groovy.reflection.CachedConstructor.invoke(CachedConstructor.java:73)
at org.codehaus.groovy.runtime.callsite.ConstructorSite$ConstructorSiteNoUnwrapNoCoerce.callConstructor(ConstructorSite.java:108)
at org.codehaus.groovy.runtime.callsite.AbstractCallSite.callConstructor(AbstractCallSite.java:277)
at io.restassured.internal.ResponseSpecificationImpl$HamcrestAssertionClosure.validate(ResponseSpecificationImpl.groovy:505)
at io.restassured.internal.ResponseSpecificationImpl$HamcrestAssertionClosure$validate$1.call(Unknown Source)
at io.restassured.internal.ResponseSpecificationImpl.validate(ResponseSpecificationImpl.groovy:94)
at io.restassured.internal.ValidatableResponseOptionsImpl.spec(ValidatableResponseOptionsImpl.java:288)
at Regression_Testing.SIP_ChangeScheme.Change_Scheme_Reg(SIP_ChangeScheme.java:247)
at java.base/jdk.internal.reflect.DirectMethodHandleAccessor.invoke(DirectMethodHandleAccessor.java:104)
at java.base/java.lang.reflect.Method.invoke(Method.java:578)
at org.testng.internal.invokers.MethodInvocationHelper.invokeMethod(MethodInvocationHelper.java:139)
at org.testng.internal.invokers.TestInvoker.invokeMethod(TestInvoker.java:677)
at org.testng.internal.invokers.TestInvoker.invokeTestMethod(TestInvoker.java:221)
at org.testng.internal.invokers.MethodRunner.runInSequence(MethodRunner.java:50)
at org.testng.internal.invokers.TestInvoker$MethodInvocationAgent.invoke(TestInvoker.java:962)
at org.testng.internal.invokers.TestInvoker.invokeTestMethods(TestInvoker.java:194)
at org.testng.internal.invokers.TestMethodWorker.invokeTestMethods(TestMethodWorker.java:148)
at org.testng.internal.invokers.TestMethodWorker.run(TestMethodWorker.java:128)
at java.base/java.util.ArrayList.forEach(ArrayList.java:1511)
at org.testng.TestRunner.privateRun(TestRunner.java:806)
at org.testng.TestRunner.run(TestRunner.java:601)
at org.testng.SuiteRunner.runTest(SuiteRunner.java:433)
at org.testng.SuiteRunner.runSequentially(SuiteRunner.java:427)
at org.testng.SuiteRunner.privateRun(SuiteRunner.java:387)
at org.testng.SuiteRunner.run(SuiteRunner.java:330)
at org.testng.SuiteRunnerWorker.runSuite(SuiteRunnerWorker.java:52)
at org.testng.SuiteRunnerWorker.run(SuiteRunnerWorker.java:95)
at org.testng.TestNG.runSuitesSequentially(TestNG.java:1256)
at org.testng.TestNG.runSuitesLocally(TestNG.java:1176)
at org.testng.TestNG.runSuites(TestNG.java:1099)
at org.testng.TestNG.run(TestNG.java:1067)
at com.intellij.rt.testng.IDEARemoteTestNG.run(IDEARemoteTestNG.java:66)
at com.intellij.rt.testng.RemoteTestNGStarter.main(RemoteTestNGStarter.java:105)
]]>
            </full-stacktrace>
          </exception> <!-- java.lang.AssertionError -->
          <reporter-output>
          </reporter-output>
        </test-method> <!-- Change_Scheme_Reg -->
      </class> <!-- Regression_Testing.SIP_ChangeScheme -->
    </test> <!-- SIP_ChangeScheme -->
  </suite> <!-- Regression_Testing -->
</testng-results>
