<?xml version="1.0" encoding="UTF-8"?>
<!-- Generated by org.testng.reporters.JUnitXMLReporter -->
<testsuite ignored="0" hostname="Fi-Sathish-D" failures="0" tests="8" name="Invest_More" time="2.263" errors="0" timestamp="2023-05-08T16:53:18 IST">
  <testcase classname="Regression_Testing.InvestMore" name="Holding_Profile" time="0.188"/>
  <testcase classname="Regression_Testing.InvestMore" name="InvestedSchem_API" time="0.234"/>
  <testcase classname="Regression_Testing.InvestMore" name="Investor_Cart" time="0.2"/>
  <testcase classname="Regression_Testing.InvestMore" name="Folio_Group_ID" time="0.254"/>
  <testcase classname="Regression_Testing.InvestMore" name="Common_Otp" time="0.683"/>
  <testcase classname="Regression_Testing.InvestMore" name="DB_Connection" time="0.301"/>
  <testcase classname="Regression_Testing.InvestMore" name="OTP_Verify" time="0.192"/>
  <testcase classname="Regression_Testing.InvestMore" name="Buy_Cart" time="0.205"/>
</testsuite> <!-- Invest_More -->
