<?xml version="1.0" encoding="UTF-8"?>
<!-- Generated by org.testng.reporters.JUnitXMLReporter -->
<testsuite ignored="0" hostname="Fi-Sathish-D" failures="0" tests="9" name="Lumpsum" time="2.748" errors="0" timestamp="2023-05-08T16:53:16 IST">
  <testcase classname="Regression_Testing.Lumpsum" name="Holding_Profile" time="0.184"/>
  <testcase classname="Regression_Testing.Lumpsum" name="product_search_mf_form" time="0.317"/>
  <testcase classname="Regression_Testing.Lumpsum" name="Dashboard_portfolio" time="0.261"/>
  <testcase classname="Regression_Testing.Lumpsum" name="Investor_Cart" time="0.186"/>
  <testcase classname="Regression_Testing.Lumpsum" name="Folio_Group_ID" time="0.245"/>
  <testcase classname="Regression_Testing.Lumpsum" name="Common_Otp" time="0.714"/>
  <testcase classname="Regression_Testing.Lumpsum" name="dbconnection" time="0.449"/>
  <testcase classname="Regression_Testing.Lumpsum" name="OTP_Verify" time="0.178"/>
  <testcase classname="Regression_Testing.Lumpsum" name="Buy_Cart" time="0.209"/>
</testsuite> <!-- Lumpsum -->
