<?xml version="1.0" encoding="UTF-8"?>
<!-- Generated by org.testng.reporters.JUnitXMLReporter -->
<testsuite ignored="0" hostname="Fi-Sathish-D" failures="0" tests="16" name="STP an STP_Edit" time="6.158" errors="0" timestamp="2023-05-08T16:53:36 IST">
  <testcase classname="Regression_Testing.STP_STPEdit" name="HoldingProfile_API" time="0.222"/>
  <testcase classname="Regression_Testing.STP_STPEdit" name="InvestedSchem_API" time="0.202"/>
  <testcase classname="Regression_Testing.STP_STPEdit" name="product_search_mf_form" time="0.191"/>
  <testcase classname="Regression_Testing.STP_STPEdit" name="TargetScheme_Search" time="0.219"/>
  <testcase classname="Regression_Testing.STP_STPEdit" name="Installment_dates" time="0.161"/>
  <testcase classname="Regression_Testing.STP_STPEdit" name="Common_OTP" time="0.725"/>
  <testcase classname="Regression_Testing.STP_STPEdit" name="DB_Connection" time="0.297"/>
  <testcase classname="Regression_Testing.STP_STPEdit" name="Verify_OTP" time="0.186"/>
  <testcase classname="Regression_Testing.STP_STPEdit" name="STP_API" time="0.805"/>
  <testcase classname="Regression_Testing.STP_STPEdit" name="Current_STP" time="0.183"/>
  <testcase classname="Regression_Testing.STP_STPEdit" name="Edit_Installment_Date" time="0.162"/>
  <testcase classname="Regression_Testing.STP_STPEdit" name="Edit_Common_OTP" time="0.705"/>
  <testcase classname="Regression_Testing.STP_STPEdit" name="Edit_DB_Connection" time="0.314"/>
  <testcase classname="Regression_Testing.STP_STPEdit" name="Edit_Verify_OTP" time="0.185"/>
  <testcase classname="Regression_Testing.STP_STPEdit" name="STP_Edit" time="0.72"/>
  <testcase classname="Regression_Testing.STP_STPEdit" name="STP_Cancel" time="0.868"/>
</testsuite> <!-- STP an STP_Edit -->
