<?xml version="1.0" encoding="UTF-8"?>
<!-- Generated by org.testng.reporters.JUnitXMLReporter -->
<testsuite ignored="0" hostname="Fi-Sathish-D" failures="0" tests="10" name="Switch" time="3.138" errors="0" timestamp="2023-05-08T16:53:30 IST">
  <testcase classname="Regression_Testing.Switch" name="HoldingProfile_API" time="0.195"/>
  <testcase classname="Regression_Testing.Switch" name="InvestedSchem_API" time="0.2"/>
  <testcase classname="Regression_Testing.Switch" name="product_search_mf_form" time="0.2"/>
  <testcase classname="Regression_Testing.Switch" name="TargetScheme_Search" time="0.212"/>
  <testcase classname="Regression_Testing.Switch" name="Common_OTP" time="0.742"/>
  <testcase classname="Regression_Testing.Switch" name="DB_Connection" time="0.305"/>
  <testcase classname="Regression_Testing.Switch" name="Verify_OTP" time="0.199"/>
  <testcase classname="Regression_Testing.Switch" name="Switch_API" time="0.7"/>
  <testcase classname="Regression_Testing.Switch" name="Recent_Transaction" time="0.197"/>
  <testcase classname="Regression_Testing.Switch" name="Delete_API" time="0.18"/>
</testsuite> <!-- Switch -->
