<?xml version="1.0" encoding="UTF-8"?>
<!-- Generated by org.testng.reporters.JUnitXMLReporter -->
<testsuite ignored="0" hostname="Fi-Sathish-D" failures="0" tests="15" name="SWP and SWP_Edit" time="5.108" errors="0" timestamp="2023-05-08T16:53:27 IST">
  <testcase classname="Regression_Testing.SWP_SWPEdit" name="HoldingProfile_API" time="0.197"/>
  <testcase classname="Regression_Testing.SWP_SWPEdit" name="InvestedSchem_API" time="0.199"/>
  <testcase classname="Regression_Testing.SWP_SWPEdit" name="product_search_mf_form" time="0.199"/>
  <testcase classname="Regression_Testing.SWP_SWPEdit" name="Installment_dates" time="0.178"/>
  <testcase classname="Regression_Testing.SWP_SWPEdit" name="Common_OTP" time="0.756"/>
  <testcase classname="Regression_Testing.SWP_SWPEdit" name="DB_Connection" time="0.294"/>
  <testcase classname="Regression_Testing.SWP_SWPEdit" name="Verify_OTP" time="0.166"/>
  <testcase classname="Regression_Testing.SWP_SWPEdit" name="SWP_API" time="0.177"/>
  <testcase classname="Regression_Testing.SWP_SWPEdit" name="Installment_dates_Edit" time="0.174"/>
  <testcase classname="Regression_Testing.SWP_SWPEdit" name="Common_OTP_Edit" time="0.692"/>
  <testcase classname="Regression_Testing.SWP_SWPEdit" name="DB_Connection_Edit" time="0.294"/>
  <testcase classname="Regression_Testing.SWP_SWPEdit" name="Verify_OTP_Edit" time="0.177"/>
  <testcase classname="Regression_Testing.SWP_SWPEdit" name="SWP_Edit" time="0.713"/>
  <testcase classname="Regression_Testing.SWP_SWPEdit" name="Current_SWP" time="0.192"/>
  <testcase classname="Regression_Testing.SWP_SWPEdit" name="SWP_Cancel" time="0.684"/>
</testsuite> <!-- SWP and SWP_Edit -->
